Arguments: 
  /usr/local/Cellar/node/7.7.4/bin/node /usr/local/bin/yarn start

PATH: 
  /usr/local/bin:/usr/bin:/bin:/usr/sbin:/sbin

Yarn version: 
  1.0.2

Node version: 
  7.7.4

Platform: 
  darwin x64

npm manifest: 
  {
    "name": "bouquet",
    "version": "1.0.0",
    "description": "built a micro nodejs",
    "main": "app.js",
    "scripts": {
      "test": "echo \"Error: no test specified\" && exit 1"
    },
    "repository": {
      "type": "git",
      "url": "git+https://github.com/alinacornea/bouquet.ai.git"
    },
    "author": "Alina Cornea",
    "license": "ISC",
    "bugs": {
      "url": "https://github.com/alinacornea/bouquet.ai/issues"
    },
    "homepage": "https://github.com/alinacornea/bouquet.ai#readme",
    "dependencies": {
      "express": "^4.15.5",
      "nodemon": "^1.12.1"
    }
  
    "scripts": {
      "start": "nodemon app.js"
    }
  }

yarn manifest: 
  No manifest

Lockfile: 
  No lockfile

Trace: 
  SyntaxError: /Users/hshack/bouquet.ai/package.json: Unexpected string in JSON at position 560
      at JSON.parse (<anonymous>)
      at /usr/local/lib/node_modules/yarn/lib/cli.js:797:57
      at Generator.next (<anonymous>)
      at step (/usr/local/lib/node_modules/yarn/lib/cli.js:92:30)
      at /usr/local/lib/node_modules/yarn/lib/cli.js:103:13
